[debug] [2021-12-17T19:07:38.987Z] ----------------------------------------------------------------------
[debug] [2021-12-17T19:07:38.988Z] Command:       /Users/tfarrell/.nvm/versions/node/v15.12.0/bin/node /Users/tfarrell/.nvm/versions/node/v15.12.0/bin/firebase init
[debug] [2021-12-17T19:07:38.989Z] CLI Version:   9.23.3
[debug] [2021-12-17T19:07:38.989Z] Platform:      darwin
[debug] [2021-12-17T19:07:38.989Z] Node Version:  v15.12.0
[debug] [2021-12-17T19:07:38.990Z] Time:          Fri Dec 17 2021 14:07:38 GMT-0500 (Eastern Standard Time)
[debug] [2021-12-17T19:07:38.990Z] ----------------------------------------------------------------------
[debug] 
[debug] [2021-12-17T19:07:38.998Z] > command requires scopes: ["email","openid","https://www.googleapis.com/auth/cloudplatformprojects.readonly","https://www.googleapis.com/auth/firebase","https://www.googleapis.com/auth/cloud-platform"]
[debug] [2021-12-17T19:07:38.998Z] > authorizing via signed-in user (iamtomfarrell@gmail.com)
[info] 
     ######## #### ########  ######## ########     ###     ######  ########
     ##        ##  ##     ## ##       ##     ##  ##   ##  ##       ##
     ######    ##  ########  ######   ########  #########  ######  ######
     ##        ##  ##    ##  ##       ##     ## ##     ##       ## ##
     ##       #### ##     ## ######## ########  ##     ##  ######  ########

You're about to initialize a Firebase project in this directory:

  /Users/tfarrell/Code/iamtomfarrell

[info] 
=== Project Setup
[info] 
[info] First, let's associate this project directory with a Firebase project.
[info] You can create multiple project aliases by running firebase use --add, 
[info] but for now we'll just set up a default project.
[info] 
[debug] [2021-12-17T20:54:28.892Z] > refreshing access token with scopes: []
[debug] [2021-12-17T20:54:28.892Z] >>> HTTP REQUEST POST https://www.googleapis.com/oauth2/v3/token  
 <request body omitted>
[debug] [2021-12-17T20:54:29.006Z] <<< HTTP RESPONSE 200 {"expires":"Mon, 01 Jan 1990 00:00:00 GMT","cache-control":"no-cache, no-store, max-age=0, must-revalidate","pragma":"no-cache","date":"Fri, 17 Dec 2021 20:54:28 GMT","content-type":"application/json; charset=utf-8","vary":"X-Origin, Referer, Origin,Accept-Encoding","server":"scaffolding on HTTPServer2","x-xss-protection":"0","x-frame-options":"SAMEORIGIN","x-content-type-options":"nosniff","alt-svc":"h3=\":443\"; ma=2592000,h3-29=\":443\"; ma=2592000,h3-Q050=\":443\"; ma=2592000,h3-Q046=\":443\"; ma=2592000,h3-Q043=\":443\"; ma=2592000,quic=\":443\"; ma=2592000; v=\"46,43\"","accept-ranges":"none","transfer-encoding":"chunked"}
[debug] [2021-12-17T20:54:29.036Z] >>> [apiv2][query] GET https://firebase.googleapis.com/v1beta1/projects pageSize=100
[debug] [2021-12-17T20:54:29.422Z] <<< [apiv2][status] GET https://firebase.googleapis.com/v1beta1/projects 200
[debug] [2021-12-17T20:54:29.422Z] <<< [apiv2][body] GET https://firebase.googleapis.com/v1beta1/projects [omitted]
[info] i  Using project iamtomfarrellsite (Iamtomfarrellsite) 
[info] 
=== Hosting Setup
[info] 
[info] Your public directory is the folder (relative to your project directory) that
[info] will contain Hosting assets to be uploaded with firebase deploy. If you
[info] have a build process for your assets, use your build's output directory.
[info] 
[info] ✔  Wrote /404.html 
[debug] [2021-12-17T21:01:16.997Z] >>> [apiv2][query] GET https://www.gstatic.com/firebasejs/releases.json [none]
[debug] [2021-12-17T21:01:17.290Z] <<< [apiv2][status] GET https://www.gstatic.com/firebasejs/releases.json 200
[debug] [2021-12-17T21:01:17.290Z] <<< [apiv2][body] GET https://www.gstatic.com/firebasejs/releases.json {"current":{"version":"9.6.1","browserURL":"https://www.gstatic.com/firebasejs/9.6.1/firebase.js","packageURL":"https://www.gstatic.com/firebasejs/9.6.1/firebase.tgz"},"live":{"version":"9.6","browserURL":"https://www.gstatic.com/firebasejs/live/9.6/firebase.js","packageURL":"https://www.gstatic.com/firebasejs/live/9.6/firebase.tgz"},"components":{"analytics":"https://www.gstatic.com/firebasejs/9.6.1/firebase-analytics.js","app":"https://www.gstatic.com/firebasejs/9.6.1/firebase-app.js","app-check":"https://www.gstatic.com/firebasejs/9.6.1/firebase-app-check.js","auth":"https://www.gstatic.com/firebasejs/9.6.1/firebase-auth.js","auth/cordova":"https://www.gstatic.com/firebasejs/9.6.1/firebase-auth/cordova.js","auth/react-native":"https://www.gstatic.com/firebasejs/9.6.1/firebase-auth/react-native.js","functions":"https://www.gstatic.com/firebasejs/9.6.1/firebase-functions.js","firestore":"https://www.gstatic.com/firebasejs/9.6.1/firebase-firestore.js","firestore/lite":"https://www.gstatic.com/firebasejs/9.6.1/firebase-firestore/lite.js","storage":"https://www.gstatic.com/firebasejs/9.6.1/firebase-storage.js","performance":"https://www.gstatic.com/firebasejs/9.6.1/firebase-performance.js","remote-config":"https://www.gstatic.com/firebasejs/9.6.1/firebase-remote-config.js","messaging":"https://www.gstatic.com/firebasejs/9.6.1/firebase-messaging.js","messaging/sw":"https://www.gstatic.com/firebasejs/9.6.1/firebase-messaging/sw.js","database":"https://www.gstatic.com/firebasejs/9.6.1/firebase-database.js","firestore.memory":"https://www.gstatic.com/firebasejs/9.6.1/firebase-firestore.memory.js"}}
[info] ✔  Wrote /index.html 
[info] 
[info] i  Didn't detect a .git folder. Assuming /Users/tfarrell/Code/iamtomfarrell is the project root. 
[info] i  Authorizing with GitHub to upload your service account to a GitHub repository's secrets store. 
[info] 
[info] Visit this URL on this device to log in:
[info] https://github.com/login/oauth/authorize?client_id=89cf50f02ac6aaed3484&state=1019495271&redirect_uri=http%3A%2F%2Flocalhost%3A9005&scope=read%3Auser%20repo%20public_repo
[info] 
[info] Waiting for authentication...
[debug] [2021-12-17T21:01:31.245Z] >>> HTTP REQUEST POST https://github.com/login/oauth/access_token  
 {"client_id":"89cf50f02ac6aaed3484","client_secret":"3330d14abc895d9a74d5f17cd7a00711fa2c5bf0","code":"2a51651d0c2b38384f39","redirect_uri":"http://localhost:9005","state":"1019495271"}
[debug] [2021-12-17T21:01:31.381Z] <<< HTTP RESPONSE 200 {"server":"GitHub.com","date":"Fri, 17 Dec 2021 21:01:31 GMT","content-type":"application/json; charset=utf-8","transfer-encoding":"chunked","vary":"X-PJAX, X-PJAX-Container, Accept-Encoding, Accept, X-Requested-With","permissions-policy":"interest-cohort=()","etag":"W/\"66f911511d84907d20d8f46026be0454\"","cache-control":"max-age=0, private, must-revalidate","strict-transport-security":"max-age=31536000; includeSubdomains; preload","x-frame-options":"deny","x-content-type-options":"nosniff","x-xss-protection":"0","referrer-policy":"origin-when-cross-origin, strict-origin-when-cross-origin","expect-ct":"max-age=2592000, report-uri=\"https://api.github.com/_private/browser/errors\"","content-security-policy":"default-src 'none'; base-uri 'self'; block-all-mixed-content; child-src github.com/assets-cdn/worker/ gist.github.com/assets-cdn/worker/; connect-src 'self' uploads.github.com objects-origin.githubusercontent.com www.githubstatus.com collector.githubapp.com api.github.com github-cloud.s3.amazonaws.com github-production-repository-file-5c1aeb.s3.amazonaws.com github-production-upload-manifest-file-7fdce7.s3.amazonaws.com github-production-user-asset-6210df.s3.amazonaws.com cdn.optimizely.com logx.optimizely.com/v1/events translator.github.com wss://alive.github.com; font-src github.githubassets.com; form-action 'self' github.com gist.github.com objects-origin.githubusercontent.com; frame-ancestors 'none'; frame-src render.githubusercontent.com viewscreen.githubusercontent.com notebooks.githubusercontent.com; img-src 'self' data: github.githubassets.com identicons.github.com collector.githubapp.com github-cloud.s3.amazonaws.com secured-user-images.githubusercontent.com/ *.githubusercontent.com; manifest-src 'self'; media-src github.com user-images.githubusercontent.com/; script-src github.githubassets.com; style-src 'unsafe-inline' github.githubassets.com; worker-src github.com/assets-cdn/worker/ gist.github.com/assets-cdn/worker/","x-github-request-id":"DB32:4A59:10E9AE7:1C13CE0:61BCFAAB"}
[debug] [2021-12-17T21:01:31.387Z] >>> [apiv2][query] GET https://api.github.com/user [none]
[debug] [2021-12-17T21:01:31.542Z] <<< [apiv2][status] GET https://api.github.com/user 200
[debug] [2021-12-17T21:01:31.542Z] <<< [apiv2][body] GET https://api.github.com/user {"login":"tomxfarrell","id":46981196,"node_id":"MDQ6VXNlcjQ2OTgxMTk2","avatar_url":"https://avatars.githubusercontent.com/u/46981196?v=4","gravatar_id":"","url":"https://api.github.com/users/tomxfarrell","html_url":"https://github.com/tomxfarrell","followers_url":"https://api.github.com/users/tomxfarrell/followers","following_url":"https://api.github.com/users/tomxfarrell/following{/other_user}","gists_url":"https://api.github.com/users/tomxfarrell/gists{/gist_id}","starred_url":"https://api.github.com/users/tomxfarrell/starred{/owner}{/repo}","subscriptions_url":"https://api.github.com/users/tomxfarrell/subscriptions","organizations_url":"https://api.github.com/users/tomxfarrell/orgs","repos_url":"https://api.github.com/users/tomxfarrell/repos","events_url":"https://api.github.com/users/tomxfarrell/events{/privacy}","received_events_url":"https://api.github.com/users/tomxfarrell/received_events","type":"User","site_admin":false,"name":"Tom","company":null,"blog":"","location":null,"email":null,"hireable":null,"bio":null,"twitter_username":null,"public_repos":0,"public_gists":0,"followers":0,"following":0,"created_at":"2019-01-24T00:40:51Z","updated_at":"2021-12-17T19:03:42Z","private_gists":0,"total_private_repos":2,"owned_private_repos":2,"disk_usage":64679,"collaborators":1,"two_factor_authentication":false,"plan":{"name":"free","space":976562499,"collaborators":0,"private_repos":10000}}
[info] 
[info] ✔  Success! Logged into GitHub as tomxfarrell 
[info] 
